0 info it worked if it ends with ok
1 verbose cli [ '/usr/local/Cellar/iojs/3.3.1/bin/iojs',
1 verbose cli   '/usr/local/bin/npm',
1 verbose cli   'start' ]
2 info using npm@3.5.3
3 info using node@v3.3.1
4 verbose run-script [ 'prestart', 'start', 'poststart' ]
5 info lifecycle hauself-bot@1.0.0~prestart: hauself-bot@1.0.0
6 silly lifecycle hauself-bot@1.0.0~prestart: no script for prestart, continuing
7 info lifecycle hauself-bot@1.0.0~start: hauself-bot@1.0.0
8 verbose lifecycle hauself-bot@1.0.0~start: unsafe-perm in lifecycle true
9 verbose lifecycle hauself-bot@1.0.0~start: PATH: /usr/local/lib/node_modules/npm/bin/node-gyp-bin:/Users/sven/Documents/workspace/HauselfBot/node_modules/.bin:/Users/sven/.rvm/gems/ruby-2.0.0-p247/bin:/Users/sven/.rvm/gems/ruby-2.0.0-p247@global/bin:/Users/sven/.rvm/rubies/ruby-2.0.0-p247/bin:/Users/sven/.rvm/bin:/usr/local/opt/php56/bin:/usr/local/share/zsh-completions:/Users/sven/perl5/perlbrew/bin:/Users/sven/perl5/perlbrew/perls/perl-5.16.0/bin:/usr/local/bin:/usr/local/sbin:/usr/local/bin:/usr/bin:/bin:/usr/sbin:/sbin:/opt/X11/bin:/usr/local/git/bin:/usr/texbin:/Users/sven/Documents/workspace/gocode/bin
10 verbose lifecycle hauself-bot@1.0.0~start: CWD: /Users/sven/Documents/workspace/HauselfBot
11 silly lifecycle hauself-bot@1.0.0~start: Args: [ '-c', 'node ./main.js' ]
12 silly lifecycle hauself-bot@1.0.0~start: Returned: code: 1  signal: null
13 info lifecycle hauself-bot@1.0.0~start: Failed to exec start script
14 verbose stack Error: hauself-bot@1.0.0 start: `node ./main.js`
14 verbose stack Exit status 1
14 verbose stack     at EventEmitter.<anonymous> (/usr/local/lib/node_modules/npm/lib/utils/lifecycle.js:232:16)
14 verbose stack     at emitTwo (events.js:87:13)
14 verbose stack     at EventEmitter.emit (events.js:172:7)
14 verbose stack     at ChildProcess.<anonymous> (/usr/local/lib/node_modules/npm/lib/utils/spawn.js:24:14)
14 verbose stack     at emitTwo (events.js:87:13)
14 verbose stack     at ChildProcess.emit (events.js:172:7)
14 verbose stack     at maybeClose (internal/child_process.js:764:16)
14 verbose stack     at Process.ChildProcess._handle.onexit (internal/child_process.js:211:5)
15 verbose pkgid hauself-bot@1.0.0
16 verbose cwd /Users/sven/Documents/workspace/HauselfBot
17 error Darwin 15.3.0
18 error argv "/usr/local/Cellar/iojs/3.3.1/bin/iojs" "/usr/local/bin/npm" "start"
19 error node v3.3.1
20 error npm  v3.5.3
21 error code ELIFECYCLE
22 error hauself-bot@1.0.0 start: `node ./main.js`
22 error Exit status 1
23 error Failed at the hauself-bot@1.0.0 start script 'node ./main.js'.
23 error Make sure you have the latest version of node.js and npm installed.
23 error If you do, this is most likely a problem with the hauself-bot package,
23 error not with npm itself.
23 error Tell the author that this fails on your system:
23 error     node ./main.js
23 error You can get information on how to open an issue for this project with:
23 error     npm bugs hauself-bot
23 error Or if that isn't available, you can get their info via:
23 error     npm owner ls hauself-bot
23 error There is likely additional logging output above.
24 verbose exit [ 1, true ]
